../copy.dqdimacs
Read the file
REMAP INPUTS CREATING PIs
41
1 1
2 2
3 3
4 4
5 5
6 6
7 7
8 8
9 9
10 10
11 11
12 12
13 13
14 14
15 15
16 16
17 17
18 18
19 19
20 20
21 21
22 22
23 23
24 24
25 25
26 26
27 27
28 28
29 29
30 30
31 31
32 32
33 33
34 34
35 35
36 36
37 37
38 38
39 39
40 40
41 41
REMAP INPUTS CREATING PIs
41
1 1
2 2
3 3
4 4
5 5
6 6
7 7
8 8
9 9
10 10
11 11
12 12
13 13
14 28
15 29
16 30
17 31
18 32
19 33
20 34
21 35
22 36
23 37
24 38
25 39
26 40
27 41
28 14
29 15
30 16
31 17
32 18
33 19
34 20
35 21
36 22
37 23
38 24
39 25
40 26
41 27
(null)          : pi =    41  po =     1  and =     540  lev =  61
CNF stats: Vars =    232. Clauses =     908. Literals =     2478.   Time =     0.01 sec
Unate 0 check ** SAT ** for var: 14
CEX: 1 1 1 1 0 1 1 0 1 1 0 1 0 1 1 1 1 1 1 1 1 1 1 1 1 1 1 0 1 1 1 1 1 1 1 1 1 1 1 1 1 
OUTPUT: 1
Unate 1 check ** SAT ** for var: 14
CEX: 1 1 1 1 1 1 1 0 1 1 1 1 0 0 1 1 1 1 1 1 1 1 1 1 1 1 1 1 1 1 1 1 1 1 1 1 1 1 1 1 1 
OUTPUT: 1
Unate 0 check ** SAT ** for var: 15
CEX: 1 1 1 1 0 1 1 0 1 1 0 0 1 1 1 0 1 1 1 1 1 1 0 0 0 1 1 1 0 0 1 1 1 1 1 1 0 0 0 1 1 
OUTPUT: 1
Unate 1 check ** SAT ** for var: 15
CEX: 1 1 0 0 0 1 0 0 1 0 1 1 1 1 0 0 1 1 1 0 0 1 0 0 1 1 0 1 1 0 1 1 1 0 0 1 0 0 1 1 0 
OUTPUT: 1
Unate 0 check ** SAT ** for var: 16
CEX: 1 1 1 0 0 1 0 1 0 0 0 1 1 1 0 1 1 1 1 0 0 1 0 0 1 1 0 1 0 0 1 1 1 0 0 1 0 0 1 1 0 
OUTPUT: 1
Unate 1 check ** SAT ** for var: 16
CEX: 0 0 1 1 1 0 1 1 0 0 1 0 0 0 1 0 0 1 0 1 0 1 1 0 0 0 1 0 1 1 0 1 0 1 0 1 1 0 0 0 1 
OUTPUT: 1
Unate 0 check ** SAT ** for var: 17
CEX: 0 0 1 1 1 0 0 0 0 0 1 0 0 0 1 1 1 1 0 1 0 1 1 0 0 0 1 0 1 1 0 1 0 1 0 1 1 0 0 0 1 
OUTPUT: 1
Unate 1 check ** SAT ** for var: 17
CEX: 0 1 0 1 0 0 0 1 1 0 1 0 1 0 0 1 0 1 0 1 0 1 1 0 1 0 1 0 0 1 1 1 0 1 0 1 1 0 1 0 1 
OUTPUT: 1
Unate 0 check ** SAT ** for var: 18
CEX: 0 0 0 0 0 0 0 1 1 0 1 0 1 0 1 0 0 1 0 0 0 1 1 0 1 1 1 0 1 0 0 0 0 0 0 1 1 0 1 1 1 
OUTPUT: 1
Unate 1 check ** SAT ** for var: 18
CEX: 1 0 1 0 0 0 1 1 1 0 1 0 1 0 0 0 0 0 0 1 0 0 0 0 1 1 1 0 0 0 0 1 0 1 0 0 0 0 1 1 1 
OUTPUT: 1
Unate 0 check ** SAT ** for var: 19
CEX: 1 0 1 0 0 0 0 0 1 1 1 0 1 0 1 0 1 1 1 1 0 0 0 0 0 0 1 0 1 0 1 1 0 1 0 0 0 0 0 0 1 
OUTPUT: 1
Unate 1 check ** SAT ** for var: 19
CEX: 0 0 0 0 0 1 0 1 1 1 1 1 1 0 0 0 0 0 0 1 1 1 0 0 1 1 0 0 0 0 0 0 1 1 1 1 0 0 1 1 0 
OUTPUT: 1
Unate 0 check ** SAT ** for var: 20
CEX: 0 0 0 0 0 1 0 1 1 1 1 0 1 0 1 0 0 0 1 1 1 1 0 0 1 1 0 0 1 0 0 0 1 0 1 1 0 0 1 1 0 
OUTPUT: 1
Unate 1 check ** SAT ** for var: 20
CEX: 0 0 0 0 0 1 0 1 1 1 0 0 0 1 1 1 0 0 1 0 0 1 0 1 1 1 1 1 1 1 0 0 1 1 0 1 0 1 1 1 1 
OUTPUT: 1
Unate 0 check ** SAT ** for var: 21
CEX: 0 0 1 0 0 1 1 1 1 1 0 0 0 0 1 1 0 0 1 1 1 1 1 1 0 1 1 0 1 1 0 0 1 1 0 1 1 1 0 1 1 
OUTPUT: 1
Unate 1 check ** SAT ** for var: 21
CEX: 1 0 0 0 0 1 1 1 1 1 1 0 1 0 1 0 0 0 1 1 0 1 1 0 1 1 1 0 1 0 0 0 1 1 1 1 1 0 1 1 1 
OUTPUT: 1
Unate 0 check ** SAT ** for var: 22
CEX: 0 0 0 0 0 1 0 1 0 1 0 0 1 0 1 0 1 0 1 1 1 1 1 0 1 1 0 0 1 0 1 0 1 1 1 0 1 0 1 1 0 
OUTPUT: 1
Unate 1 check ** SAT ** for var: 22
CEX: 0 0 0 1 0 1 0 1 0 1 0 0 1 0 1 0 1 0 1 1 1 0 1 0 0 1 0 0 1 0 1 0 1 1 1 1 1 0 0 1 0 
OUTPUT: 1
Unate 0 check ** SAT ** for var: 23
CEX: 0 0 1 1 0 1 0 0 0 1 0 0 1 0 1 0 1 0 1 1 1 1 1 0 1 1 0 0 1 0 1 0 1 1 1 1 0 0 1 1 0 
OUTPUT: 1
Unate 1 check ** SAT ** for var: 23
CEX: 0 0 0 0 0 1 0 0 0 1 0 0 1 0 0 0 1 0 1 0 1 1 0 0 1 1 0 0 0 0 1 0 1 0 1 1 1 0 1 1 0 
OUTPUT: 1
Unate 0 check ** SAT ** for var: 24
CEX: 1 1 0 1 0 0 1 0 1 0 0 0 0 0 0 0 0 0 1 0 0 0 0 1 1 0 1 0 0 0 0 0 1 0 0 0 0 0 1 0 1 
OUTPUT: 1
Unate 1 check ** SAT ** for var: 24
CEX: 0 1 0 1 0 0 1 0 1 0 0 1 0 1 1 0 0 0 1 1 0 0 0 0 1 0 1 1 1 0 0 0 1 1 0 0 0 1 1 0 1 
OUTPUT: 1
Unate 0 check ** SAT ** for var: 25
CEX: 0 1 1 1 0 0 1 0 1 0 0 1 0 1 0 0 0 0 1 1 0 0 0 0 1 0 0 1 0 0 0 0 1 1 0 0 0 0 0 0 0 
OUTPUT: 1
Unate 1 check ** SAT ** for var: 25
CEX: 0 1 1 0 0 0 1 0 1 0 0 1 0 1 1 0 0 0 1 1 0 0 0 0 0 0 0 1 1 0 0 0 1 1 0 0 0 0 1 0 0 
OUTPUT: 1
Unate 0 check ** SAT ** for var: 26
CEX: 0 1 1 1 0 0 1 0 1 0 0 0 0 1 1 1 1 0 1 0 0 0 0 0 1 1 0 1 1 1 1 0 1 0 0 0 0 0 1 0 0 
OUTPUT: 1
Unate 1 check ** SAT ** for var: 26
CEX: 0 1 1 0 0 0 0 0 1 1 0 0 0 1 1 1 1 0 1 0 0 0 0 0 1 0 0 1 1 1 1 0 1 0 0 0 0 0 1 1 0 
OUTPUT: 1
Unate 0 check ** SAT ** for var: 27
CEX: 0 1 1 1 0 0 0 0 1 1 0 0 0 1 1 1 1 0 1 0 0 0 0 0 1 0 1 1 1 1 1 0 1 0 0 0 0 0 1 0 0 
OUTPUT: 1
Unate 1 check ** SAT ** for var: 27
CEX: 1 0 0 0 0 1 0 0 1 1 1 0 0 1 1 1 1 0 1 1 1 0 0 0 1 0 0 1 1 1 1 0 1 1 1 0 0 0 1 0 1 
OUTPUT: 1
unate 0:
unate 1:
Generated Manager for PHI
Generating DQCNF and Aig_Man_t Objects for Projected PHI_i
Getting projection for var: 14
Clauses:
-14 13 0
-14 2 13 0
-14 0
-13 14 0
-14 0
-3 14 0
-14 3 0
-14 12 0
-14 -3 0
-14 -13 2 0
-2 13 14 0
-14 -13 0
14 0
-14 -3 0
-14 12 13 0
-14 -13 2 0
14 0
-14 -3 0
13 14 0
-13 14 0
Generated DQCNF and Aig_Man_t Objects for Projected PHI_14
Phi_i is const 0 for id: 14
Getting projection for var: 15
Clauses:
13 15 0
10 15 0
-15 -13 0
13 15 0
8 13 15 0
-10 15 0
10 15 0
-15 -8 0
-15 -13 0
-15 10 13 0
-15 0
-15 10 0
15 0
8 15 0
-10 15 0
Generated DQCNF and Aig_Man_t Objects for Projected PHI_15
Phi_i is const 0 for id: 15
Getting projection for var: 16
Clauses:
-16 -5 0
16 0
-16 -5 0
-16 5 0
16 0
16 0
5 16 0
-16 0
Generated DQCNF and Aig_Man_t Objects for Projected PHI_16
Phi_i is const 0 for id: 16
Getting projection for var: 17
Clauses:
-17 0
17 0
-6 17 0
-7 6 17 0
-17 0
-17 7 0
17 0
Generated DQCNF and Aig_Man_t Objects for Projected PHI_17
Phi_i is const 0 for id: 17
Getting projection for var: 18
Clauses:
-18 0
2 18 0
-18 -9 0
18 0
-18 9 0
-18 9 0
-18 -9 0
18 0
-18 -9 0
-18 2 12 0
-12 2 18 0
-18 12 0
18 0
2 18 0
18 0
2 18 0
-18 -4 0
-9 -4 18 0
Generated DQCNF and Aig_Man_t Objects for Projected PHI_18
Phi_i is const 0 for id: 18
Getting projection for var: 19
Clauses:
9 19 0
-9 19 0
-9 -8 19 0
8 19 0
-9 19 0
-19 0
-19 0
19 0
Generated DQCNF and Aig_Man_t Objects for Projected PHI_19
Phi_i is const 0 for id: 19
Getting projection for var: 20
Clauses:
-1 2 20 0
1 20 0
20 0
-20 0
1 20 0
-20 2 0
2 20 0
Generated DQCNF and Aig_Man_t Objects for Projected PHI_20
Phi_i is const 0 for id: 20
Getting projection for var: 21
Clauses:
-21 0
21 0
21 0
-21 5 0
21 0
-21 0
12 21 0
21 0
-21 5 0
21 0
Generated DQCNF and Aig_Man_t Objects for Projected PHI_21
Phi_i is const 0 for id: 21
Getting projection for var: 22
Clauses:
-22 0
3 22 0
22 0
-3 22 0
-22 -13 0
-3 22 0
-22 -3 0
-22 0
4 22 0
-22 -4 0
-22 3 13 0
13 22 0
-22 -13 -3 0
-22 -4 0
22 0
Generated DQCNF and Aig_Man_t Objects for Projected PHI_22
Phi_i is const 0 for id: 22
Getting projection for var: 23
Clauses:
-23 0
-23 0
23 0
23 0
23 0
-23 0
23 0
4 23 0
23 0
-23 0
-23 0
23 0
-23 0
-4 23 0
23 0
Generated DQCNF and Aig_Man_t Objects for Projected PHI_23
Phi_i is const 0 for id: 23
Getting projection for var: 24
Clauses:
24 0
-24 0
-24 0
-24 0
-24 0
Generated DQCNF and Aig_Man_t Objects for Projected PHI_24
Phi_i is const 0 for id: 24
Getting projection for var: 25
Clauses:
-25 -1 11 0
-25 0
11 25 0
13 25 0
-11 25 0
13 25 0
7 25 0
-25 0
-11 25 0
-13 25 0
-25 7 0
Generated DQCNF and Aig_Man_t Objects for Projected PHI_25
Phi_i is const 0 for id: 25
Getting projection for var: 26
Clauses:
-26 0
-26 -1 3 0
-26 -3 0
-26 -8 -3 0
-26 -9 -8 0
-26 0
-26 0
-26 9 0
-26 -3 0
-26 0
-6 -3 26 0
1 10 26 0
3 26 0
-8 26 0
-1 26 0
6 26 0
-10 26 0
8 26 0
-3 26 0
26 0
9 10 26 0
Generated DQCNF and Aig_Man_t Objects for Projected PHI_26
Phi_i is const 0 for id: 26
Getting projection for var: 27
Clauses:
-27 -3 0
-27 -11 -7 0
-27 7 0
5 27 0
7 27 0
27 0
3 27 0
-10 -5 27 0
7 27 0
-11 -5 27 0
10 27 0
Generated DQCNF and Aig_Man_t Objects for Projected PHI_27
