./small_tests/existential.dqdimacs
Found split candidate: -1 | -1
REMAP INPUTS CREATING PIs
12
1 1
2 2
3 3
4 4
5 5
6 6
7 7
8 8
9 9
10 10
11 11
12 12
REMAP INPUTS CREATING PIs
12
1 1
2 2
3 3
4 4
5 5
6 6
7 10
8 11
9 12
10 7
11 8
12 9
(null)          : pi =    12  po =     1  and =      43  lev =  10
CNF stats: Vars =     21. Clauses =      45. Literals =      159.   Time =     0.01 sec
Unate 0 check ** SAT ** for var: 7
CEX: 1 1 0 1 1 1 1 1 1 0 1 1 
OUTPUT: 1
Unate 1 check ** SAT ** for var: 7
CEX: 0 1 0 1 1 1 0 1 1 1 1 1 
OUTPUT: 1
Unate 0 check ** SAT ** for var: 8
CEX: 1 1 0 1 1 1 1 1 1 1 0 1 
OUTPUT: 1
Unate 1 check ** SAT ** for var: 8
CEX: 1 0 0 1 0 1 1 0 1 1 1 1 
OUTPUT: 1
Unate 0 check ** SAT ** for var: 9
CEX: 1 1 0 1 0 1 1 1 1 1 1 0 
OUTPUT: 1
Unate 1 check ** SAT ** for var: 9
CEX: 1 1 1 1 0 1 1 1 0 1 1 1 
OUTPUT: 1
unate 0:
unate 1:
Generating DQCNF and Aig_Man_t Objects for Projected PHI_i
Getting projection for var: 7
Clauses:
-1 7 0
-7 1 0
Generated DQCNF and Aig_Man_t Objects for Projected PHI_7
Getting projection for var: 8
Clauses:
-2 8 0
-5 8 0
-8 2 5 0
Generated DQCNF and Aig_Man_t Objects for Projected PHI_8
Getting projection for var: 9
Clauses:
-9 -6 -3 0
-9 3 6 0
-3 6 9 0
-6 3 9 0
Generated DQCNF and Aig_Man_t Objects for Projected PHI_9
DONE. Time Elapsed: 0.005168
Generating PHI_i(0) and PHI_i(1)...
Generating Phi(1) and Phi(0) for EX_VAR: 7
Generating Phi(1) and Phi(0) for EX_VAR: 8
Generating Phi(1) and Phi(0) for EX_VAR: 9
DONE. Time Elapsed: 3.1e-05
Generating Basis Functions...
Generating Basis for EX_VAR: 7
B_i is const 0 for id: 7
Generating Basis for EX_VAR: 8
B_i is const 0 for id: 8
Generating Basis for EX_VAR: 9
B_i is const 0 for id: 9
DONE. Time Elapsed: 0.008115
Generating AIG Manager for negPHI...
Creating the formula DELTA (AND) !PHI
Appended Basis for EX_VAR: 7
Appended Basis for EX_VAR: 8
Appended Basis for EX_VAR: 9
(null)          : pi =    12  po =     1  and =       0  lev =   0
CNF stats: Vars =     14. Clauses =       2. Literals =        2.   Time =     0.00 sec
(null)          : pi =     9  po =     1  and =      16  lev =   5
CNF stats: Vars =     16. Clauses =      26. Literals =       78.   Time =     0.00 sec
Verbose? : c opening file to write './f1.dimacs'
c writing 'p cnf 0 1' header
c wrote 1 clauses in 0.00 seconds process time
c opening file to write './f2.dimacs'
c writing 'p cnf 14 11' header
c wrote 11 clauses in 0.00 seconds process time
Num Clauses: 0 
Num Vars: 9
here
/home/coolboy19/Desktop/BooleanSynthesis/benchmark_tests/solution/skolem_functions/existential.txt
